May-23 13:46:28.723 [main] DEBUG nextflow.cli.Launcher - Setting http proxy: ProxyConfig[protocol=http; host=wwwcache.sanger.ac.uk; port=3128]
May-23 13:46:28.824 [main] DEBUG nextflow.cli.Launcher - Setting https proxy: ProxyConfig[protocol=https; host=wwwcache.sanger.ac.uk; port=3128]
May-23 13:46:28.825 [main] DEBUG nextflow.cli.Launcher - $> nextflow printreads.nf
May-23 13:46:28.983 [main] INFO  nextflow.cli.CmdRun - N E X T F L O W  ~  version 22.10.4
May-23 13:46:29.042 [main] DEBUG nextflow.plugin.PluginsFacade - Setting up plugin manager > mode=prod; embedded=false; plugins-dir=/nfs/users/nfs_s/se13/.nextflow/plugins; core-plugins: nf-amazon@1.11.2,nf-azure@0.14.2,nf-codecommit@0.1.2,nf-console@1.0.4,nf-ga4gh@1.0.4,nf-google@1.4.5,nf-tower@1.5.6,nf-wave@0.5.2
May-23 13:46:29.071 [main] INFO  org.pf4j.DefaultPluginStatusProvider - Enabled plugins: []
May-23 13:46:29.075 [main] INFO  org.pf4j.DefaultPluginStatusProvider - Disabled plugins: []
May-23 13:46:29.084 [main] INFO  org.pf4j.DefaultPluginManager - PF4J version 3.4.1 in 'deployment' mode
May-23 13:46:29.113 [main] INFO  org.pf4j.AbstractPluginManager - No plugins
May-23 13:46:29.284 [main] DEBUG nextflow.cli.CmdRun - Applied DSL=2 by global default
May-23 13:46:29.344 [main] INFO  nextflow.cli.CmdRun - Launching `printreads.nf` [cranky_galileo] DSL2 - revision: 526fc475e8
May-23 13:46:29.346 [main] DEBUG nextflow.plugin.PluginsFacade - Plugins default=[]
May-23 13:46:29.347 [main] DEBUG nextflow.plugin.PluginsFacade - Plugins resolved requirement=[]
May-23 13:46:29.373 [main] DEBUG nextflow.secret.LocalSecretsProvider - Secrets store: /nfs/users/nfs_s/se13/.nextflow/secrets/store.json
May-23 13:46:29.393 [main] DEBUG nextflow.secret.SecretsLoader - Discovered secrets providers: [nextflow.secret.LocalSecretsProvider@3605c4d3] - activable => nextflow.secret.LocalSecretsProvider@3605c4d3
May-23 13:46:29.609 [main] DEBUG nextflow.Session - Session UUID: 9141b6ba-1198-469f-ba4c-641d00256f3a
May-23 13:46:29.610 [main] DEBUG nextflow.Session - Run name: cranky_galileo
May-23 13:46:29.611 [main] DEBUG nextflow.Session - Executor pool size: 64
May-23 13:46:29.643 [main] DEBUG nextflow.util.ThreadPoolBuilder - Creating thread pool 'FileTransfer' minSize=10; maxSize=192; workQueue=LinkedBlockingQueue[10000]; allowCoreThreadTimeout=false
May-23 13:46:29.750 [main] DEBUG nextflow.cli.CmdRun - 
  Version: 22.10.4 build 5836
  Created: 09-12-2022 09:58 UTC (09:58 BST)
  System: Linux 4.15.0-208-generic
  Runtime: Groovy 3.0.13 on OpenJDK 64-Bit Server VM 17.0.3-internal+0-adhoc..src
  Encoding: UTF-8 (UTF-8)
  Process: 20072@farm5-head1 [172.27.225.25]
  CPUs: 64 - Mem: 754.6 GB (6.5 GB) - Swap: 1.5 TB (1.5 TB)
May-23 13:46:29.782 [main] DEBUG nextflow.Session - Work-dir: /lustre/scratch126/tol/teams/jaron/projects/springtails_haploid_selection/nextflow/rnaseq_aln/work [lustre]
May-23 13:46:29.782 [main] DEBUG nextflow.Session - Script base path does not exist or is not a directory: /lustre/scratch126/tol/teams/jaron/projects/springtails_haploid_selection/nextflow/rnaseq_aln/bin
May-23 13:46:29.794 [main] DEBUG nextflow.executor.ExecutorFactory - Extension executors providers=[]
May-23 13:46:29.808 [main] DEBUG nextflow.Session - Observer factory: DefaultObserverFactory
May-23 13:46:29.871 [main] DEBUG nextflow.cache.CacheFactory - Using Nextflow cache factory: nextflow.cache.DefaultCacheFactory
May-23 13:46:29.904 [main] DEBUG nextflow.util.CustomThreadPool - Creating default thread pool > poolSize: 65; maxThreads: 1000
May-23 13:46:30.166 [main] DEBUG nextflow.Session - Session start
May-23 13:46:31.679 [main] DEBUG nextflow.script.ScriptRunner - > Launching execution
May-23 13:46:31.961 [main] DEBUG nextflow.Session - Workflow process names [dsl2]: 
May-23 13:46:31.962 [main] DEBUG nextflow.Session - Igniting dataflow network (1)
May-23 13:46:31.977 [main] DEBUG nextflow.script.ScriptRunner - > Awaiting termination 
May-23 13:46:31.978 [main] DEBUG nextflow.Session - Session await
May-23 13:46:31.978 [main] DEBUG nextflow.Session - Session await > all processes finished
May-23 13:46:31.978 [main] DEBUG nextflow.Session - Session await > all barriers passed
May-23 13:46:31.982 [PathVisitor-1] DEBUG nextflow.file.PathVisitor - files for syntax: glob; folder: ../../data/raw_data/rnaseq/; pattern: AF_*_*/*{1,2}.*.gz; options: [:]
May-23 13:46:32.149 [main] DEBUG nextflow.trace.WorkflowStatsObserver - Workflow completed > WorkflowStats[succeededCount=0; failedCount=0; ignoredCount=0; cachedCount=0; pendingCount=0; submittedCount=0; runningCount=0; retriesCount=0; abortedCount=0; succeedDuration=0ms; failedDuration=0ms; cachedDuration=0ms;loadCpus=0; loadMemory=0; peakRunning=0; peakCpus=0; peakMemory=0; ]
May-23 13:46:32.229 [main] DEBUG nextflow.cache.CacheDB - Closing CacheDB done
May-23 13:46:32.284 [main] DEBUG nextflow.util.ThreadPoolManager - Thread pool 'FileTransfer' shutdown completed (hard=false)
May-23 13:46:32.286 [main] DEBUG nextflow.script.ScriptRunner - > Execution complete -- Goodbye
